<?xml version="1.0" encoding="utf-8"?>
<CoverageSession xmlns:xsd="http://www.w3.org/2001/XMLSchema" xmlns:xsi="http://www.w3.org/2001/XMLSchema-instance" Version="4.6.0.0">
  <Summary numSequencePoints="104" visitedSequencePoints="58" numBranchPoints="27" visitedBranchPoints="19" sequenceCoverage="55.77" branchCoverage="70.37" maxCyclomaticComplexity="5" minCyclomaticComplexity="1" maxCrapScore="6" minCrapScore="1" visitedClasses="4" numClasses="7" visitedMethods="7" numMethods="13" />
  <Modules>
    <Module hash="E2-95-BF-D7-F7-97-BC-DD-29-8C-02-8A-1B-56-51-06-D9-D2-37-B5">
      <Summary numSequencePoints="44" visitedSequencePoints="19" numBranchPoints="8" visitedBranchPoints="5" sequenceCoverage="43.18" branchCoverage="62.5" maxCyclomaticComplexity="2" minCyclomaticComplexity="1" maxCrapScore="2" minCrapScore="1.00" visitedClasses="1" numClasses="2" visitedMethods="3" numMethods="6" />
      <ModulePath>c:\users\peter\documents\visual studio 2017\Projects\EachElementOnlyOnce\EachElementOnlyOnceTest\bin\Debug\EachElementOnlyOnceTest.dll</ModulePath>
      <ModuleTime>2018-06-25T20:37:24.7619311Z</ModuleTime>
      <ModuleName>EachElementOnlyOnceTest</ModuleName>
      <Files>
        <File uid="1" fullPath="c:\users\peter\documents\visual studio 2017\Projects\EachElementOnlyOnce\EachElementOnlyOnceTest\UnitTest1.cs" />
      </Files>
      <Classes>
        <Class>
          <Summary numSequencePoints="23" visitedSequencePoints="0" numBranchPoints="3" visitedBranchPoints="0" sequenceCoverage="0" branchCoverage="0" maxCyclomaticComplexity="1" minCyclomaticComplexity="1" maxCrapScore="2" minCrapScore="2" visitedClasses="0" numClasses="1" visitedMethods="0" numMethods="3" />
          <FullName>EachElementOnlyOnceTest.SinglyLinkedListTests</FullName>
          <Methods>
            <Method visited="false" cyclomaticComplexity="1" nPathComplexity="0" sequenceCoverage="0" branchCoverage="0" crapScore="2" isConstructor="false" isStatic="false" isGetter="false" isSetter="false">
              <Summary numSequencePoints="4" visitedSequencePoints="0" numBranchPoints="1" visitedBranchPoints="0" sequenceCoverage="0" branchCoverage="0" maxCyclomaticComplexity="1" minCyclomaticComplexity="1" maxCrapScore="2" minCrapScore="2" visitedClasses="0" numClasses="0" visitedMethods="0" numMethods="1" />
              <MetadataToken>100663297</MetadataToken>
              <Name>System.Void EachElementOnlyOnceTest.SinglyLinkedListTests::TestWithEmpty()</Name>
              <FileRef uid="1" />
              <SequencePoints>
                <SequencePoint vc="0" uspid="1" ordinal="0" offset="0" sl="14" sc="5" el="14" ec="6" bec="0" bev="0" fileid="1" />
                <SequencePoint vc="0" uspid="2" ordinal="1" offset="1" sl="15" sc="7" el="15" ec="68" bec="0" bev="0" fileid="1" />
                <SequencePoint vc="0" uspid="3" ordinal="2" offset="7" sl="16" sc="7" el="16" ec="68" bec="0" bev="0" fileid="1" />
                <SequencePoint vc="0" uspid="4" ordinal="3" offset="27" sl="17" sc="5" el="17" ec="6" bec="0" bev="0" fileid="1" />
              </SequencePoints>
              <BranchPoints />
              <MethodPoint xsi:type="SequencePoint" vc="0" uspid="1" ordinal="0" offset="0" sl="14" sc="5" el="14" ec="6" bec="0" bev="0" fileid="1" />
            </Method>
            <Method visited="false" cyclomaticComplexity="1" nPathComplexity="0" sequenceCoverage="0" branchCoverage="0" crapScore="2" isConstructor="false" isStatic="false" isGetter="false" isSetter="false">
              <Summary numSequencePoints="6" visitedSequencePoints="0" numBranchPoints="1" visitedBranchPoints="0" sequenceCoverage="0" branchCoverage="0" maxCyclomaticComplexity="1" minCyclomaticComplexity="1" maxCrapScore="2" minCrapScore="2" visitedClasses="0" numClasses="0" visitedMethods="0" numMethods="1" />
              <MetadataToken>100663298</MetadataToken>
              <Name>System.Void EachElementOnlyOnceTest.SinglyLinkedListTests::TestAdd1stITem()</Name>
              <FileRef uid="1" />
              <SequencePoints>
                <SequencePoint vc="0" uspid="5" ordinal="0" offset="0" sl="21" sc="5" el="21" ec="6" bec="0" bev="0" fileid="1" />
                <SequencePoint vc="0" uspid="6" ordinal="1" offset="1" sl="22" sc="7" el="22" ec="68" bec="0" bev="0" fileid="1" />
                <SequencePoint vc="0" uspid="7" ordinal="2" offset="7" sl="24" sc="7" el="24" ec="23" bec="0" bev="0" fileid="1" />
                <SequencePoint vc="0" uspid="8" ordinal="3" offset="15" sl="26" sc="7" el="26" ec="48" bec="0" bev="0" fileid="1" />
                <SequencePoint vc="0" uspid="9" ordinal="4" offset="33" sl="27" sc="7" el="27" ec="68" bec="0" bev="0" fileid="1" />
                <SequencePoint vc="0" uspid="10" ordinal="5" offset="53" sl="28" sc="5" el="28" ec="6" bec="0" bev="0" fileid="1" />
              </SequencePoints>
              <BranchPoints />
              <MethodPoint xsi:type="SequencePoint" vc="0" uspid="5" ordinal="0" offset="0" sl="21" sc="5" el="21" ec="6" bec="0" bev="0" fileid="1" />
            </Method>
            <Method visited="false" cyclomaticComplexity="1" nPathComplexity="0" sequenceCoverage="0" branchCoverage="0" crapScore="2" isConstructor="false" isStatic="false" isGetter="false" isSetter="false">
              <Summary numSequencePoints="13" visitedSequencePoints="0" numBranchPoints="1" visitedBranchPoints="0" sequenceCoverage="0" branchCoverage="0" maxCyclomaticComplexity="1" minCyclomaticComplexity="1" maxCrapScore="2" minCrapScore="2" visitedClasses="0" numClasses="0" visitedMethods="0" numMethods="1" />
              <MetadataToken>100663299</MetadataToken>
              <Name>System.Void EachElementOnlyOnceTest.SinglyLinkedListTests::TestAddMultipleItems()</Name>
              <FileRef uid="1" />
              <SequencePoints>
                <SequencePoint vc="0" uspid="11" ordinal="0" offset="0" sl="32" sc="5" el="32" ec="6" bec="0" bev="0" fileid="1" />
                <SequencePoint vc="0" uspid="12" ordinal="1" offset="1" sl="33" sc="7" el="33" ec="68" bec="0" bev="0" fileid="1" />
                <SequencePoint vc="0" uspid="13" ordinal="2" offset="7" sl="35" sc="7" el="35" ec="23" bec="0" bev="0" fileid="1" />
                <SequencePoint vc="0" uspid="14" ordinal="3" offset="15" sl="36" sc="7" el="36" ec="23" bec="0" bev="0" fileid="1" />
                <SequencePoint vc="0" uspid="15" ordinal="4" offset="23" sl="37" sc="7" el="37" ec="23" bec="0" bev="0" fileid="1" />
                <SequencePoint vc="0" uspid="16" ordinal="5" offset="31" sl="38" sc="7" el="38" ec="23" bec="0" bev="0" fileid="1" />
                <SequencePoint vc="0" uspid="17" ordinal="6" offset="39" sl="39" sc="7" el="39" ec="23" bec="0" bev="0" fileid="1" />
                <SequencePoint vc="0" uspid="18" ordinal="7" offset="47" sl="40" sc="7" el="40" ec="23" bec="0" bev="0" fileid="1" />
                <SequencePoint vc="0" uspid="19" ordinal="8" offset="55" sl="41" sc="7" el="41" ec="48" bec="0" bev="0" fileid="1" />
                <SequencePoint vc="0" uspid="20" ordinal="9" offset="73" sl="42" sc="7" el="42" ec="53" bec="0" bev="0" fileid="1" />
                <SequencePoint vc="0" uspid="21" ordinal="10" offset="96" sl="43" sc="7" el="43" ec="46" bec="0" bev="0" fileid="1" />
                <SequencePoint vc="0" uspid="22" ordinal="11" offset="114" sl="44" sc="7" el="44" ec="69" bec="0" bev="0" fileid="1" />
                <SequencePoint vc="0" uspid="23" ordinal="12" offset="134" sl="45" sc="5" el="45" ec="6" bec="0" bev="0" fileid="1" />
              </SequencePoints>
              <BranchPoints />
              <MethodPoint xsi:type="SequencePoint" vc="0" uspid="11" ordinal="0" offset="0" sl="32" sc="5" el="32" ec="6" bec="0" bev="0" fileid="1" />
            </Method>
            <Method visited="false" cyclomaticComplexity="1" nPathComplexity="0" sequenceCoverage="0" branchCoverage="0" crapScore="2" isConstructor="true" isStatic="false" isGetter="false" isSetter="false">
              <Summary numSequencePoints="0" visitedSequencePoints="0" numBranchPoints="0" visitedBranchPoints="0" sequenceCoverage="0" branchCoverage="0" maxCyclomaticComplexity="1" minCyclomaticComplexity="1" maxCrapScore="2" minCrapScore="2" visitedClasses="0" numClasses="0" visitedMethods="0" numMethods="0" />
              <MetadataToken>100663300</MetadataToken>
              <Name>System.Void EachElementOnlyOnceTest.SinglyLinkedListTests::.ctor()</Name>
              <SequencePoints />
              <BranchPoints />
              <MethodPoint vc="0" uspid="24" ordinal="0" offset="0" />
            </Method>
          </Methods>
        </Class>
        <Class>
          <Summary numSequencePoints="21" visitedSequencePoints="19" numBranchPoints="5" visitedBranchPoints="5" sequenceCoverage="90.48" branchCoverage="100" maxCyclomaticComplexity="2" minCyclomaticComplexity="1" maxCrapScore="2" minCrapScore="1.00" visitedClasses="1" numClasses="1" visitedMethods="3" numMethods="3" />
          <FullName>EachElementOnlyOnceTest.ProcessListTests</FullName>
          <Methods>
            <Method visited="true" cyclomaticComplexity="1" nPathComplexity="0" sequenceCoverage="75" branchCoverage="100" crapScore="1.02" isConstructor="false" isStatic="false" isGetter="false" isSetter="false">
              <Summary numSequencePoints="4" visitedSequencePoints="3" numBranchPoints="1" visitedBranchPoints="1" sequenceCoverage="75" branchCoverage="100" maxCyclomaticComplexity="1" minCyclomaticComplexity="1" maxCrapScore="1.02" minCrapScore="1.02" visitedClasses="0" numClasses="0" visitedMethods="1" numMethods="1" />
              <MetadataToken>100663301</MetadataToken>
              <Name>System.Void EachElementOnlyOnceTest.ProcessListTests::TestProcessEmptyList()</Name>
              <FileRef uid="1" />
              <SequencePoints>
                <SequencePoint vc="1" uspid="25" ordinal="0" offset="0" sl="55" sc="5" el="55" ec="6" bec="0" bev="0" fileid="1">
                  <TrackedMethodRefs>
                    <TrackedMethodRef uid="4" vc="1" />
                  </TrackedMethodRefs>
                </SequencePoint>
                <SequencePoint vc="1" uspid="26" ordinal="1" offset="1" sl="56" sc="7" el="56" ec="69" bec="0" bev="0" fileid="1">
                  <TrackedMethodRefs>
                    <TrackedMethodRef uid="4" vc="1" />
                  </TrackedMethodRefs>
                </SequencePoint>
                <SequencePoint vc="1" uspid="27" ordinal="2" offset="7" sl="57" sc="7" el="57" ec="67" bec="0" bev="0" fileid="1">
                  <TrackedMethodRefs>
                    <TrackedMethodRef uid="4" vc="1" />
                  </TrackedMethodRefs>
                </SequencePoint>
                <SequencePoint vc="0" uspid="28" ordinal="3" offset="15" sl="58" sc="5" el="58" ec="6" bec="0" bev="0" fileid="1" />
              </SequencePoints>
              <BranchPoints />
              <MethodPoint xsi:type="SequencePoint" vc="1" uspid="25" ordinal="0" offset="0" sl="55" sc="5" el="55" ec="6" bec="0" bev="0" fileid="1">
                <TrackedMethodRefs>
                  <TrackedMethodRef uid="4" vc="1" />
                </TrackedMethodRefs>
              </MethodPoint>
            </Method>
            <Method visited="true" cyclomaticComplexity="1" nPathComplexity="0" sequenceCoverage="83.33" branchCoverage="100" crapScore="1.00" isConstructor="false" isStatic="false" isGetter="false" isSetter="false">
              <Summary numSequencePoints="6" visitedSequencePoints="5" numBranchPoints="1" visitedBranchPoints="1" sequenceCoverage="83.33" branchCoverage="100" maxCyclomaticComplexity="1" minCyclomaticComplexity="1" maxCrapScore="1.00" minCrapScore="1.00" visitedClasses="0" numClasses="0" visitedMethods="1" numMethods="1" />
              <MetadataToken>100663302</MetadataToken>
              <Name>System.Void EachElementOnlyOnceTest.ProcessListTests::TestProcessShortList()</Name>
              <FileRef uid="1" />
              <SequencePoints>
                <SequencePoint vc="1" uspid="29" ordinal="0" offset="0" sl="63" sc="5" el="63" ec="6" bec="0" bev="0" fileid="1">
                  <TrackedMethodRefs>
                    <TrackedMethodRef uid="5" vc="1" />
                  </TrackedMethodRefs>
                </SequencePoint>
                <SequencePoint vc="1" uspid="30" ordinal="1" offset="1" sl="64" sc="7" el="64" ec="69" bec="0" bev="0" fileid="1">
                  <TrackedMethodRefs>
                    <TrackedMethodRef uid="5" vc="1" />
                  </TrackedMethodRefs>
                </SequencePoint>
                <SequencePoint vc="1" uspid="31" ordinal="2" offset="7" sl="65" sc="7" el="65" ec="24" bec="0" bev="0" fileid="1">
                  <TrackedMethodRefs>
                    <TrackedMethodRef uid="5" vc="1" />
                  </TrackedMethodRefs>
                </SequencePoint>
                <SequencePoint vc="1" uspid="32" ordinal="3" offset="15" sl="66" sc="7" el="66" ec="24" bec="0" bev="0" fileid="1">
                  <TrackedMethodRefs>
                    <TrackedMethodRef uid="5" vc="1" />
                  </TrackedMethodRefs>
                </SequencePoint>
                <SequencePoint vc="1" uspid="33" ordinal="4" offset="23" sl="67" sc="7" el="67" ec="67" bec="0" bev="0" fileid="1">
                  <TrackedMethodRefs>
                    <TrackedMethodRef uid="5" vc="1" />
                  </TrackedMethodRefs>
                </SequencePoint>
                <SequencePoint vc="0" uspid="34" ordinal="5" offset="31" sl="68" sc="5" el="68" ec="6" bec="0" bev="0" fileid="1" />
              </SequencePoints>
              <BranchPoints />
              <MethodPoint xsi:type="SequencePoint" vc="1" uspid="29" ordinal="0" offset="0" sl="63" sc="5" el="63" ec="6" bec="0" bev="0" fileid="1">
                <TrackedMethodRefs>
                  <TrackedMethodRef uid="5" vc="1" />
                </TrackedMethodRefs>
              </MethodPoint>
            </Method>
            <Method visited="true" cyclomaticComplexity="2" nPathComplexity="2" sequenceCoverage="100" branchCoverage="100" crapScore="2" isConstructor="false" isStatic="false" isGetter="false" isSetter="false">
              <Summary numSequencePoints="11" visitedSequencePoints="11" numBranchPoints="3" visitedBranchPoints="3" sequenceCoverage="100" branchCoverage="100" maxCyclomaticComplexity="2" minCyclomaticComplexity="2" maxCrapScore="2" minCrapScore="2" visitedClasses="0" numClasses="0" visitedMethods="1" numMethods="1" />
              <MetadataToken>100663303</MetadataToken>
              <Name>System.Void EachElementOnlyOnceTest.ProcessListTests::TestProcessLargeList()</Name>
              <FileRef uid="1" />
              <SequencePoints>
                <SequencePoint vc="1" uspid="35" ordinal="0" offset="0" sl="72" sc="5" el="72" ec="6" bec="0" bev="0" fileid="1">
                  <TrackedMethodRefs>
                    <TrackedMethodRef uid="6" vc="1" />
                  </TrackedMethodRefs>
                </SequencePoint>
                <SequencePoint vc="1" uspid="36" ordinal="1" offset="1" sl="73" sc="7" el="73" ec="70" bec="0" bev="0" fileid="1">
                  <TrackedMethodRefs>
                    <TrackedMethodRef uid="6" vc="1" />
                  </TrackedMethodRefs>
                </SequencePoint>
                <SequencePoint vc="1" uspid="37" ordinal="2" offset="7" sl="74" sc="12" el="74" ec="19" bec="0" bev="0" fileid="1">
                  <TrackedMethodRefs>
                    <TrackedMethodRef uid="6" vc="1" />
                  </TrackedMethodRefs>
                </SequencePoint>
                <SequencePoint vc="33" uspid="38" ordinal="3" offset="11" sl="75" sc="7" el="75" ec="8" bec="0" bev="0" fileid="1">
                  <TrackedMethodRefs>
                    <TrackedMethodRef uid="6" vc="33" />
                  </TrackedMethodRefs>
                </SequencePoint>
                <SequencePoint vc="33" uspid="39" ordinal="4" offset="12" sl="76" sc="9" el="76" ec="27" bec="0" bev="0" fileid="1">
                  <TrackedMethodRefs>
                    <TrackedMethodRef uid="6" vc="33" />
                  </TrackedMethodRefs>
                </SequencePoint>
                <SequencePoint vc="33" uspid="40" ordinal="5" offset="20" sl="77" sc="7" el="77" ec="8" bec="0" bev="0" fileid="1">
                  <TrackedMethodRefs>
                    <TrackedMethodRef uid="6" vc="33" />
                  </TrackedMethodRefs>
                </SequencePoint>
                <SequencePoint vc="33" uspid="41" ordinal="6" offset="21" sl="74" sc="29" el="74" ec="32" bec="0" bev="0" fileid="1">
                  <TrackedMethodRefs>
                    <TrackedMethodRef uid="6" vc="33" />
                  </TrackedMethodRefs>
                </SequencePoint>
                <SequencePoint vc="34" uspid="42" ordinal="7" offset="25" sl="74" sc="21" el="74" ec="27" bec="2" bev="2" fileid="1">
                  <TrackedMethodRefs>
                    <TrackedMethodRef uid="6" vc="34" />
                  </TrackedMethodRefs>
                </SequencePoint>
                <SequencePoint vc="1" uspid="43" ordinal="8" offset="34" sl="78" sc="7" el="78" ec="68" bec="0" bev="0" fileid="1">
                  <TrackedMethodRefs>
                    <TrackedMethodRef uid="6" vc="1" />
                  </TrackedMethodRefs>
                </SequencePoint>
                <SequencePoint vc="1" uspid="44" ordinal="9" offset="42" sl="79" sc="7" el="79" ec="38" bec="0" bev="0" fileid="1">
                  <TrackedMethodRefs>
                    <TrackedMethodRef uid="6" vc="1" />
                  </TrackedMethodRefs>
                </SequencePoint>
                <SequencePoint vc="1" uspid="45" ordinal="10" offset="51" sl="80" sc="5" el="80" ec="6" bec="0" bev="0" fileid="1">
                  <TrackedMethodRefs>
                    <TrackedMethodRef uid="6" vc="1" />
                  </TrackedMethodRefs>
                </SequencePoint>
              </SequencePoints>
              <BranchPoints>
                <BranchPoint vc="1" uspid="46" ordinal="0" offset="32" sl="74" path="0" offsetend="34" fileid="1">
                  <TrackedMethodRefs>
                    <TrackedMethodRef uid="6" vc="1" />
                  </TrackedMethodRefs>
                </BranchPoint>
                <BranchPoint vc="33" uspid="47" ordinal="1" offset="32" sl="74" path="1" offsetend="11" fileid="1">
                  <TrackedMethodRefs>
                    <TrackedMethodRef uid="6" vc="33" />
                  </TrackedMethodRefs>
                </BranchPoint>
              </BranchPoints>
              <MethodPoint xsi:type="SequencePoint" vc="1" uspid="35" ordinal="0" offset="0" sl="72" sc="5" el="72" ec="6" bec="0" bev="0" fileid="1">
                <TrackedMethodRefs>
                  <TrackedMethodRef uid="6" vc="1" />
                </TrackedMethodRefs>
              </MethodPoint>
            </Method>
            <Method visited="false" cyclomaticComplexity="1" nPathComplexity="0" sequenceCoverage="0" branchCoverage="0" crapScore="2" isConstructor="true" isStatic="false" isGetter="false" isSetter="false">
              <Summary numSequencePoints="0" visitedSequencePoints="0" numBranchPoints="0" visitedBranchPoints="0" sequenceCoverage="0" branchCoverage="0" maxCyclomaticComplexity="1" minCyclomaticComplexity="1" maxCrapScore="2" minCrapScore="2" visitedClasses="0" numClasses="0" visitedMethods="0" numMethods="0" />
              <MetadataToken>100663304</MetadataToken>
              <Name>System.Void EachElementOnlyOnceTest.ProcessListTests::.ctor()</Name>
              <SequencePoints />
              <BranchPoints />
              <MethodPoint vc="0" uspid="48" ordinal="0" offset="0" />
            </Method>
          </Methods>
        </Class>
      </Classes>
      <TrackedMethods>
        <TrackedMethod uid="1" token="100663297" name="System.Void EachElementOnlyOnceTest.SinglyLinkedListTests::TestWithEmpty()" strategy="MSTestTest" />
        <TrackedMethod uid="2" token="100663298" name="System.Void EachElementOnlyOnceTest.SinglyLinkedListTests::TestAdd1stITem()" strategy="MSTestTest" />
        <TrackedMethod uid="3" token="100663299" name="System.Void EachElementOnlyOnceTest.SinglyLinkedListTests::TestAddMultipleItems()" strategy="MSTestTest" />
        <TrackedMethod uid="4" token="100663301" name="System.Void EachElementOnlyOnceTest.ProcessListTests::TestProcessEmptyList()" strategy="MSTestTest" />
        <TrackedMethod uid="5" token="100663302" name="System.Void EachElementOnlyOnceTest.ProcessListTests::TestProcessShortList()" strategy="MSTestTest" />
        <TrackedMethod uid="6" token="100663303" name="System.Void EachElementOnlyOnceTest.ProcessListTests::TestProcessLargeList()" strategy="MSTestTest" />
      </TrackedMethods>
    </Module>
    <Module hash="63-28-68-4C-C0-66-AD-F4-90-64-68-8A-8F-90-47-7E-42-49-9C-EF">
      <Summary numSequencePoints="60" visitedSequencePoints="39" numBranchPoints="19" visitedBranchPoints="14" sequenceCoverage="65" branchCoverage="73.68" maxCyclomaticComplexity="5" minCyclomaticComplexity="1" maxCrapScore="6" minCrapScore="1" visitedClasses="3" numClasses="5" visitedMethods="4" numMethods="7" />
      <ModulePath>c:\users\peter\documents\visual studio 2017\Projects\EachElementOnlyOnce\EachElementOnlyOnceTest\bin\Debug\EachElementOnlyOnce.exe</ModulePath>
      <ModuleTime>2018-06-25T20:37:04.8840036Z</ModuleTime>
      <ModuleName>EachElementOnlyOnce</ModuleName>
      <Files>
        <File uid="5" fullPath="c:\users\peter\documents\visual studio 2017\Projects\EachElementOnlyOnce\EachElementOnlyOnce\SinglyLinkedList.cs" />
        <File uid="7" fullPath="c:\users\peter\documents\visual studio 2017\Projects\EachElementOnlyOnce\EachElementOnlyOnce\Program.cs" />
        <File uid="9" fullPath="c:\users\peter\documents\visual studio 2017\Projects\EachElementOnlyOnce\EachElementOnlyOnce\ProcessList.cs" />
      </Files>
      <Classes>
        <Class>
          <Summary numSequencePoints="5" visitedSequencePoints="5" numBranchPoints="1" visitedBranchPoints="1" sequenceCoverage="100" branchCoverage="100" maxCyclomaticComplexity="1" minCyclomaticComplexity="1" maxCrapScore="1" minCrapScore="1" visitedClasses="1" numClasses="1" visitedMethods="1" numMethods="1" />
          <FullName>SinglyLinkedList.Node`1</FullName>
          <Methods>
            <Method skippedDueTo="AutoImplementedProperty" visited="false" cyclomaticComplexity="1" nPathComplexity="0" sequenceCoverage="0" branchCoverage="0" crapScore="0" isConstructor="false" isStatic="false" isGetter="true" isSetter="false">
              <MetadataToken>100663297</MetadataToken>
              <Name>SinglyLinkedList.Node`1&lt;T&gt; SinglyLinkedList.Node`1::get_Next()</Name>
              <FileRef uid="5" />
              <SequencePoints />
              <BranchPoints />
            </Method>
            <Method skippedDueTo="AutoImplementedProperty" visited="false" cyclomaticComplexity="1" nPathComplexity="0" sequenceCoverage="0" branchCoverage="0" crapScore="0" isConstructor="false" isStatic="false" isGetter="false" isSetter="true">
              <MetadataToken>100663298</MetadataToken>
              <Name>System.Void SinglyLinkedList.Node`1::set_Next(SinglyLinkedList.Node`1&lt;T&gt;)</Name>
              <FileRef uid="5" />
              <SequencePoints />
              <BranchPoints />
            </Method>
            <Method skippedDueTo="AutoImplementedProperty" visited="false" cyclomaticComplexity="1" nPathComplexity="0" sequenceCoverage="0" branchCoverage="0" crapScore="0" isConstructor="false" isStatic="false" isGetter="true" isSetter="false">
              <MetadataToken>100663299</MetadataToken>
              <Name>T SinglyLinkedList.Node`1::get_Value()</Name>
              <FileRef uid="5" />
              <SequencePoints />
              <BranchPoints />
            </Method>
            <Method skippedDueTo="AutoImplementedProperty" visited="false" cyclomaticComplexity="1" nPathComplexity="0" sequenceCoverage="0" branchCoverage="0" crapScore="0" isConstructor="false" isStatic="false" isGetter="false" isSetter="true">
              <MetadataToken>100663300</MetadataToken>
              <Name>System.Void SinglyLinkedList.Node`1::set_Value(T)</Name>
              <FileRef uid="5" />
              <SequencePoints />
              <BranchPoints />
            </Method>
            <Method visited="true" cyclomaticComplexity="1" nPathComplexity="0" sequenceCoverage="100" branchCoverage="100" crapScore="1" isConstructor="true" isStatic="false" isGetter="false" isSetter="false">
              <Summary numSequencePoints="5" visitedSequencePoints="5" numBranchPoints="1" visitedBranchPoints="1" sequenceCoverage="100" branchCoverage="100" maxCyclomaticComplexity="1" minCyclomaticComplexity="1" maxCrapScore="1" minCrapScore="1" visitedClasses="0" numClasses="0" visitedMethods="1" numMethods="1" />
              <MetadataToken>100663301</MetadataToken>
              <Name>System.Void SinglyLinkedList.Node`1::.ctor(T)</Name>
              <FileRef uid="5" />
              <SequencePoints>
                <SequencePoint vc="35" uspid="49" ordinal="0" offset="0" sl="13" sc="5" el="13" ec="25" bec="0" bev="0" fileid="5">
                  <TrackedMethodRefs>
                    <TrackedMethodRef uid="6" vc="33" />
                    <TrackedMethodRef uid="5" vc="2" />
                  </TrackedMethodRefs>
                </SequencePoint>
                <SequencePoint vc="35" uspid="50" ordinal="1" offset="7" sl="14" sc="5" el="14" ec="6" bec="0" bev="0" fileid="5">
                  <TrackedMethodRefs>
                    <TrackedMethodRef uid="6" vc="33" />
                    <TrackedMethodRef uid="5" vc="2" />
                  </TrackedMethodRefs>
                </SequencePoint>
                <SequencePoint vc="35" uspid="51" ordinal="2" offset="8" sl="15" sc="7" el="15" ec="21" bec="0" bev="0" fileid="5">
                  <TrackedMethodRefs>
                    <TrackedMethodRef uid="6" vc="33" />
                    <TrackedMethodRef uid="5" vc="2" />
                  </TrackedMethodRefs>
                </SequencePoint>
                <SequencePoint vc="35" uspid="52" ordinal="3" offset="16" sl="16" sc="7" el="16" ec="19" bec="0" bev="0" fileid="5">
                  <TrackedMethodRefs>
                    <TrackedMethodRef uid="6" vc="33" />
                    <TrackedMethodRef uid="5" vc="2" />
                  </TrackedMethodRefs>
                </SequencePoint>
                <SequencePoint vc="35" uspid="53" ordinal="4" offset="24" sl="17" sc="5" el="17" ec="6" bec="0" bev="0" fileid="5">
                  <TrackedMethodRefs>
                    <TrackedMethodRef uid="6" vc="33" />
                    <TrackedMethodRef uid="5" vc="2" />
                  </TrackedMethodRefs>
                </SequencePoint>
              </SequencePoints>
              <BranchPoints />
              <MethodPoint xsi:type="SequencePoint" vc="35" uspid="49" ordinal="0" offset="0" sl="13" sc="5" el="13" ec="25" bec="0" bev="0" fileid="5">
                <TrackedMethodRefs>
                  <TrackedMethodRef uid="6" vc="33" />
                  <TrackedMethodRef uid="5" vc="2" />
                </TrackedMethodRefs>
              </MethodPoint>
            </Method>
          </Methods>
        </Class>
        <Class>
          <Summary numSequencePoints="15" visitedSequencePoints="15" numBranchPoints="4" visitedBranchPoints="4" sequenceCoverage="100" branchCoverage="100" maxCyclomaticComplexity="2" minCyclomaticComplexity="1" maxCrapScore="2" minCrapScore="1" visitedClasses="1" numClasses="1" visitedMethods="2" numMethods="2" />
          <FullName>SinglyLinkedList.SinglyLinkedList`1</FullName>
          <Methods>
            <Method skippedDueTo="AutoImplementedProperty" visited="false" cyclomaticComplexity="1" nPathComplexity="0" sequenceCoverage="0" branchCoverage="0" crapScore="0" isConstructor="false" isStatic="false" isGetter="true" isSetter="false">
              <MetadataToken>100663302</MetadataToken>
              <Name>SinglyLinkedList.Node`1&lt;T&gt; SinglyLinkedList.SinglyLinkedList`1::get_Start()</Name>
              <FileRef uid="5" />
              <SequencePoints />
              <BranchPoints />
            </Method>
            <Method skippedDueTo="AutoImplementedProperty" visited="false" cyclomaticComplexity="1" nPathComplexity="0" sequenceCoverage="0" branchCoverage="0" crapScore="0" isConstructor="false" isStatic="false" isGetter="false" isSetter="true">
              <MetadataToken>100663303</MetadataToken>
              <Name>System.Void SinglyLinkedList.SinglyLinkedList`1::set_Start(SinglyLinkedList.Node`1&lt;T&gt;)</Name>
              <FileRef uid="5" />
              <SequencePoints />
              <BranchPoints />
            </Method>
            <Method skippedDueTo="AutoImplementedProperty" visited="false" cyclomaticComplexity="1" nPathComplexity="0" sequenceCoverage="0" branchCoverage="0" crapScore="0" isConstructor="false" isStatic="false" isGetter="true" isSetter="false">
              <MetadataToken>100663304</MetadataToken>
              <Name>SinglyLinkedList.Node`1&lt;T&gt; SinglyLinkedList.SinglyLinkedList`1::get_End()</Name>
              <FileRef uid="5" />
              <SequencePoints />
              <BranchPoints />
            </Method>
            <Method skippedDueTo="AutoImplementedProperty" visited="false" cyclomaticComplexity="1" nPathComplexity="0" sequenceCoverage="0" branchCoverage="0" crapScore="0" isConstructor="false" isStatic="false" isGetter="false" isSetter="true">
              <MetadataToken>100663305</MetadataToken>
              <Name>System.Void SinglyLinkedList.SinglyLinkedList`1::set_End(SinglyLinkedList.Node`1&lt;T&gt;)</Name>
              <FileRef uid="5" />
              <SequencePoints />
              <BranchPoints />
            </Method>
            <Method visited="true" cyclomaticComplexity="1" nPathComplexity="0" sequenceCoverage="100" branchCoverage="100" crapScore="1" isConstructor="true" isStatic="false" isGetter="false" isSetter="false">
              <Summary numSequencePoints="4" visitedSequencePoints="4" numBranchPoints="1" visitedBranchPoints="1" sequenceCoverage="100" branchCoverage="100" maxCyclomaticComplexity="1" minCyclomaticComplexity="1" maxCrapScore="1" minCrapScore="1" visitedClasses="0" numClasses="0" visitedMethods="1" numMethods="1" />
              <MetadataToken>100663306</MetadataToken>
              <Name>System.Void SinglyLinkedList.SinglyLinkedList`1::.ctor()</Name>
              <FileRef uid="5" />
              <SequencePoints>
                <SequencePoint vc="3" uspid="54" ordinal="0" offset="0" sl="25" sc="5" el="25" ec="30" bec="0" bev="0" fileid="5">
                  <TrackedMethodRefs>
                    <TrackedMethodRef uid="4" vc="1" />
                    <TrackedMethodRef uid="6" vc="1" />
                    <TrackedMethodRef uid="5" vc="1" />
                  </TrackedMethodRefs>
                </SequencePoint>
                <SequencePoint vc="3" uspid="55" ordinal="1" offset="7" sl="26" sc="5" el="26" ec="6" bec="0" bev="0" fileid="5">
                  <TrackedMethodRefs>
                    <TrackedMethodRef uid="4" vc="1" />
                    <TrackedMethodRef uid="6" vc="1" />
                    <TrackedMethodRef uid="5" vc="1" />
                  </TrackedMethodRefs>
                </SequencePoint>
                <SequencePoint vc="3" uspid="56" ordinal="2" offset="8" sl="27" sc="7" el="27" ec="26" bec="0" bev="0" fileid="5">
                  <TrackedMethodRefs>
                    <TrackedMethodRef uid="4" vc="1" />
                    <TrackedMethodRef uid="6" vc="1" />
                    <TrackedMethodRef uid="5" vc="1" />
                  </TrackedMethodRefs>
                </SequencePoint>
                <SequencePoint vc="3" uspid="57" ordinal="3" offset="26" sl="28" sc="5" el="28" ec="6" bec="0" bev="0" fileid="5">
                  <TrackedMethodRefs>
                    <TrackedMethodRef uid="4" vc="1" />
                    <TrackedMethodRef uid="6" vc="1" />
                    <TrackedMethodRef uid="5" vc="1" />
                  </TrackedMethodRefs>
                </SequencePoint>
              </SequencePoints>
              <BranchPoints />
              <MethodPoint xsi:type="SequencePoint" vc="3" uspid="54" ordinal="0" offset="0" sl="25" sc="5" el="25" ec="30" bec="0" bev="0" fileid="5">
                <TrackedMethodRefs>
                  <TrackedMethodRef uid="4" vc="1" />
                  <TrackedMethodRef uid="6" vc="1" />
                  <TrackedMethodRef uid="5" vc="1" />
                </TrackedMethodRefs>
              </MethodPoint>
            </Method>
            <Method visited="true" cyclomaticComplexity="2" nPathComplexity="2" sequenceCoverage="100" branchCoverage="100" crapScore="2" isConstructor="false" isStatic="false" isGetter="false" isSetter="false">
              <Summary numSequencePoints="11" visitedSequencePoints="11" numBranchPoints="3" visitedBranchPoints="3" sequenceCoverage="100" branchCoverage="100" maxCyclomaticComplexity="2" minCyclomaticComplexity="2" maxCrapScore="2" minCrapScore="2" visitedClasses="0" numClasses="0" visitedMethods="1" numMethods="1" />
              <MetadataToken>100663307</MetadataToken>
              <Name>System.Void SinglyLinkedList.SinglyLinkedList`1::Add(T)</Name>
              <FileRef uid="5" />
              <SequencePoints>
                <SequencePoint vc="35" uspid="58" ordinal="0" offset="0" sl="31" sc="5" el="31" ec="6" bec="0" bev="0" fileid="5">
                  <TrackedMethodRefs>
                    <TrackedMethodRef uid="6" vc="33" />
                    <TrackedMethodRef uid="5" vc="2" />
                  </TrackedMethodRefs>
                </SequencePoint>
                <SequencePoint vc="35" uspid="59" ordinal="1" offset="1" sl="32" sc="7" el="32" ec="44" bec="0" bev="0" fileid="5">
                  <TrackedMethodRefs>
                    <TrackedMethodRef uid="6" vc="33" />
                    <TrackedMethodRef uid="5" vc="2" />
                  </TrackedMethodRefs>
                </SequencePoint>
                <SequencePoint vc="35" uspid="60" ordinal="2" offset="8" sl="33" sc="7" el="33" ec="23" bec="2" bev="2" fileid="5">
                  <TrackedMethodRefs>
                    <TrackedMethodRef uid="6" vc="33" />
                    <TrackedMethodRef uid="5" vc="2" />
                  </TrackedMethodRefs>
                </SequencePoint>
                <SequencePoint vc="2" uspid="61" ordinal="3" offset="21" sl="34" sc="7" el="34" ec="8" bec="0" bev="0" fileid="5">
                  <TrackedMethodRefs>
                    <TrackedMethodRef uid="6" vc="1" />
                    <TrackedMethodRef uid="5" vc="1" />
                  </TrackedMethodRefs>
                </SequencePoint>
                <SequencePoint vc="2" uspid="62" ordinal="4" offset="22" sl="35" sc="9" el="35" ec="31" bec="0" bev="0" fileid="5">
                  <TrackedMethodRefs>
                    <TrackedMethodRef uid="6" vc="1" />
                    <TrackedMethodRef uid="5" vc="1" />
                  </TrackedMethodRefs>
                </SequencePoint>
                <SequencePoint vc="2" uspid="63" ordinal="5" offset="40" sl="36" sc="7" el="36" ec="8" bec="0" bev="0" fileid="5">
                  <TrackedMethodRefs>
                    <TrackedMethodRef uid="6" vc="1" />
                    <TrackedMethodRef uid="5" vc="1" />
                  </TrackedMethodRefs>
                </SequencePoint>
                <SequencePoint vc="33" uspid="64" ordinal="6" offset="43" sl="38" sc="7" el="38" ec="8" bec="0" bev="0" fileid="5">
                  <TrackedMethodRefs>
                    <TrackedMethodRef uid="6" vc="32" />
                    <TrackedMethodRef uid="5" vc="1" />
                  </TrackedMethodRefs>
                </SequencePoint>
                <SequencePoint vc="33" uspid="65" ordinal="7" offset="44" sl="39" sc="9" el="39" ec="28" bec="0" bev="0" fileid="5">
                  <TrackedMethodRefs>
                    <TrackedMethodRef uid="6" vc="32" />
                    <TrackedMethodRef uid="5" vc="1" />
                  </TrackedMethodRefs>
                </SequencePoint>
                <SequencePoint vc="33" uspid="66" ordinal="8" offset="57" sl="40" sc="9" el="40" ec="23" bec="0" bev="0" fileid="5">
                  <TrackedMethodRefs>
                    <TrackedMethodRef uid="6" vc="32" />
                    <TrackedMethodRef uid="5" vc="1" />
                  </TrackedMethodRefs>
                </SequencePoint>
                <SequencePoint vc="33" uspid="67" ordinal="9" offset="65" sl="41" sc="7" el="41" ec="8" bec="0" bev="0" fileid="5">
                  <TrackedMethodRefs>
                    <TrackedMethodRef uid="6" vc="32" />
                    <TrackedMethodRef uid="5" vc="1" />
                  </TrackedMethodRefs>
                </SequencePoint>
                <SequencePoint vc="35" uspid="68" ordinal="10" offset="66" sl="42" sc="5" el="42" ec="6" bec="0" bev="0" fileid="5">
                  <TrackedMethodRefs>
                    <TrackedMethodRef uid="6" vc="33" />
                    <TrackedMethodRef uid="5" vc="2" />
                  </TrackedMethodRefs>
                </SequencePoint>
              </SequencePoints>
              <BranchPoints>
                <BranchPoint vc="2" uspid="69" ordinal="0" offset="19" sl="33" path="0" offsetend="21" fileid="5">
                  <TrackedMethodRefs>
                    <TrackedMethodRef uid="6" vc="1" />
                    <TrackedMethodRef uid="5" vc="1" />
                  </TrackedMethodRefs>
                </BranchPoint>
                <BranchPoint vc="33" uspid="70" ordinal="1" offset="19" sl="33" path="1" offsetend="43" fileid="5">
                  <TrackedMethodRefs>
                    <TrackedMethodRef uid="6" vc="32" />
                    <TrackedMethodRef uid="5" vc="1" />
                  </TrackedMethodRefs>
                </BranchPoint>
              </BranchPoints>
              <MethodPoint xsi:type="SequencePoint" vc="35" uspid="58" ordinal="0" offset="0" sl="31" sc="5" el="31" ec="6" bec="0" bev="0" fileid="5">
                <TrackedMethodRefs>
                  <TrackedMethodRef uid="6" vc="33" />
                  <TrackedMethodRef uid="5" vc="2" />
                </TrackedMethodRefs>
              </MethodPoint>
            </Method>
          </Methods>
        </Class>
        <Class>
          <Summary numSequencePoints="19" visitedSequencePoints="0" numBranchPoints="3" visitedBranchPoints="0" sequenceCoverage="0" branchCoverage="0" maxCyclomaticComplexity="2" minCyclomaticComplexity="1" maxCrapScore="6" minCrapScore="2" visitedClasses="0" numClasses="1" visitedMethods="0" numMethods="1" />
          <FullName>EachElementOnlyOnce.Program</FullName>
          <Methods>
            <Method visited="false" cyclomaticComplexity="2" nPathComplexity="2" sequenceCoverage="0" branchCoverage="0" crapScore="6" isConstructor="false" isStatic="true" isGetter="false" isSetter="false">
              <Summary numSequencePoints="19" visitedSequencePoints="0" numBranchPoints="3" visitedBranchPoints="0" sequenceCoverage="0" branchCoverage="0" maxCyclomaticComplexity="2" minCyclomaticComplexity="2" maxCrapScore="6" minCrapScore="6" visitedClasses="0" numClasses="0" visitedMethods="0" numMethods="1" />
              <MetadataToken>100663308</MetadataToken>
              <Name>System.Void EachElementOnlyOnce.Program::Main(System.String[])</Name>
              <FileRef uid="7" />
              <SequencePoints>
                <SequencePoint vc="0" uspid="71" ordinal="0" offset="6" sl="12" sc="37" el="12" ec="38" bec="0" bev="0" fileid="7" />
                <SequencePoint vc="0" uspid="72" ordinal="1" offset="7" sl="14" sc="5" el="14" ec="66" bec="0" bev="0" fileid="7" />
                <SequencePoint vc="0" uspid="73" ordinal="2" offset="18" sl="15" sc="5" el="15" ec="40" bec="0" bev="0" fileid="7" />
                <SequencePoint vc="0" uspid="74" ordinal="3" offset="29" sl="16" sc="5" el="16" ec="47" bec="0" bev="0" fileid="7" />
                <SequencePoint vc="0" uspid="75" ordinal="4" offset="44" sl="18" sc="5" el="18" ec="17" bec="0" bev="0" fileid="7" />
                <SequencePoint vc="0" uspid="76" ordinal="5" offset="51" sl="19" sc="5" el="19" ec="19" bec="0" bev="0" fileid="7" />
                <SequencePoint vc="0" uspid="77" ordinal="6" offset="59" sl="20" sc="5" el="20" ec="120" bec="0" bev="0" fileid="7" />
                <SequencePoint vc="0" uspid="78" ordinal="7" offset="89" sl="22" sc="5" el="22" ec="62" bec="0" bev="0" fileid="7" />
                <SequencePoint vc="0" uspid="79" ordinal="8" offset="100" sl="23" sc="7" el="23" ec="52" bec="0" bev="0" fileid="7" />
                <SequencePoint vc="0" uspid="80" ordinal="9" offset="117" sl="25" sc="7" el="25" ec="64" bec="0" bev="0" fileid="7" />
                <SequencePoint vc="0" uspid="81" ordinal="10" offset="141" sl="27" sc="12" el="27" ec="28" bec="0" bev="0" fileid="7" />
                <SequencePoint vc="0" uspid="82" ordinal="11" offset="145" sl="28" sc="7" el="28" ec="8" bec="0" bev="0" fileid="7" />
                <SequencePoint vc="0" uspid="83" ordinal="12" offset="146" sl="29" sc="9" el="30" ec="70" bec="0" bev="0" fileid="7" />
                <SequencePoint vc="0" uspid="84" ordinal="13" offset="185" sl="31" sc="7" el="31" ec="8" bec="0" bev="0" fileid="7" />
                <SequencePoint vc="0" uspid="85" ordinal="14" offset="186" sl="27" sc="45" el="27" ec="55" bec="0" bev="0" fileid="7" />
                <SequencePoint vc="0" uspid="86" ordinal="15" offset="190" sl="27" sc="30" el="27" ec="43" bec="2" bev="0" fileid="7" />
                <SequencePoint vc="0" uspid="87" ordinal="16" offset="203" sl="32" sc="7" el="32" ec="25" bec="0" bev="0" fileid="7" />
                <SequencePoint vc="0" uspid="88" ordinal="17" offset="209" sl="34" sc="7" el="34" ec="27" bec="0" bev="0" fileid="7" />
                <SequencePoint vc="0" uspid="89" ordinal="18" offset="215" sl="37" sc="5" el="37" ec="6" bec="0" bev="0" fileid="7" />
              </SequencePoints>
              <BranchPoints>
                <BranchPoint vc="0" uspid="90" ordinal="0" offset="201" sl="27" path="0" offsetend="203" fileid="7" />
                <BranchPoint vc="0" uspid="91" ordinal="1" offset="201" sl="27" path="1" offsetend="145" fileid="7" />
              </BranchPoints>
              <MethodPoint vc="0" uspid="92" ordinal="0" offset="0" />
            </Method>
            <Method visited="false" cyclomaticComplexity="1" nPathComplexity="0" sequenceCoverage="0" branchCoverage="0" crapScore="2" isConstructor="true" isStatic="false" isGetter="false" isSetter="false">
              <Summary numSequencePoints="0" visitedSequencePoints="0" numBranchPoints="0" visitedBranchPoints="0" sequenceCoverage="0" branchCoverage="0" maxCyclomaticComplexity="1" minCyclomaticComplexity="1" maxCrapScore="2" minCrapScore="2" visitedClasses="0" numClasses="0" visitedMethods="0" numMethods="0" />
              <MetadataToken>100663309</MetadataToken>
              <Name>System.Void EachElementOnlyOnce.Program::.ctor()</Name>
              <SequencePoints />
              <BranchPoints />
              <MethodPoint vc="0" uspid="93" ordinal="0" offset="0" />
            </Method>
          </Methods>
        </Class>
        <Class>
          <Summary numSequencePoints="2" visitedSequencePoints="0" numBranchPoints="2" visitedBranchPoints="0" sequenceCoverage="0" branchCoverage="0" maxCyclomaticComplexity="1" minCyclomaticComplexity="1" maxCrapScore="2" minCrapScore="2" visitedClasses="0" numClasses="1" visitedMethods="0" numMethods="2" />
          <FullName>EachElementOnlyOnce.Program/&lt;&gt;c__DisplayClass0_0</FullName>
          <Methods>
            <Method visited="false" cyclomaticComplexity="1" nPathComplexity="0" sequenceCoverage="0" branchCoverage="0" crapScore="2" isConstructor="true" isStatic="false" isGetter="false" isSetter="false">
              <Summary numSequencePoints="0" visitedSequencePoints="0" numBranchPoints="0" visitedBranchPoints="0" sequenceCoverage="0" branchCoverage="0" maxCyclomaticComplexity="1" minCyclomaticComplexity="1" maxCrapScore="2" minCrapScore="2" visitedClasses="0" numClasses="0" visitedMethods="0" numMethods="0" />
              <MetadataToken>100663312</MetadataToken>
              <Name>System.Void EachElementOnlyOnce.Program/&lt;&gt;c__DisplayClass0_0::.ctor()</Name>
              <SequencePoints />
              <BranchPoints />
              <MethodPoint vc="0" uspid="94" ordinal="0" offset="0" />
            </Method>
            <Method visited="false" cyclomaticComplexity="1" nPathComplexity="0" sequenceCoverage="0" branchCoverage="0" crapScore="2" isConstructor="false" isStatic="false" isGetter="false" isSetter="false">
              <Summary numSequencePoints="1" visitedSequencePoints="0" numBranchPoints="1" visitedBranchPoints="0" sequenceCoverage="0" branchCoverage="0" maxCyclomaticComplexity="1" minCyclomaticComplexity="1" maxCrapScore="2" minCrapScore="2" visitedClasses="0" numClasses="0" visitedMethods="0" numMethods="1" />
              <MetadataToken>100663313</MetadataToken>
              <Name>System.Int32 EachElementOnlyOnce.Program/&lt;&gt;c__DisplayClass0_0::&lt;Main&gt;b__0(System.Int32)</Name>
              <FileRef uid="7" />
              <SequencePoints>
                <SequencePoint vc="0" uspid="95" ordinal="0" offset="0" sl="20" sc="82" el="20" ec="109" bec="0" bev="0" fileid="7" />
              </SequencePoints>
              <BranchPoints />
              <MethodPoint xsi:type="SequencePoint" vc="0" uspid="95" ordinal="0" offset="0" sl="20" sc="82" el="20" ec="109" bec="0" bev="0" fileid="7" />
            </Method>
            <Method visited="false" cyclomaticComplexity="1" nPathComplexity="0" sequenceCoverage="0" branchCoverage="0" crapScore="2" isConstructor="false" isStatic="false" isGetter="false" isSetter="false">
              <Summary numSequencePoints="1" visitedSequencePoints="0" numBranchPoints="1" visitedBranchPoints="0" sequenceCoverage="0" branchCoverage="0" maxCyclomaticComplexity="1" minCyclomaticComplexity="1" maxCrapScore="2" minCrapScore="2" visitedClasses="0" numClasses="0" visitedMethods="0" numMethods="1" />
              <MetadataToken>100663314</MetadataToken>
              <Name>System.Void EachElementOnlyOnce.Program/&lt;&gt;c__DisplayClass0_0::&lt;Main&gt;b__1(System.Int32)</Name>
              <FileRef uid="7" />
              <SequencePoints>
                <SequencePoint vc="0" uspid="96" ordinal="0" offset="0" sl="25" sc="42" el="25" ec="62" bec="0" bev="0" fileid="7" />
              </SequencePoints>
              <BranchPoints />
              <MethodPoint xsi:type="SequencePoint" vc="0" uspid="96" ordinal="0" offset="0" sl="25" sc="42" el="25" ec="62" bec="0" bev="0" fileid="7" />
            </Method>
          </Methods>
        </Class>
        <Class>
          <Summary numSequencePoints="19" visitedSequencePoints="19" numBranchPoints="9" visitedBranchPoints="9" sequenceCoverage="100" branchCoverage="100" maxCyclomaticComplexity="5" minCyclomaticComplexity="1" maxCrapScore="5" minCrapScore="2" visitedClasses="1" numClasses="1" visitedMethods="1" numMethods="1" />
          <FullName>ProcessList.ProcessList`1</FullName>
          <Methods>
            <Method visited="true" cyclomaticComplexity="5" nPathComplexity="16" sequenceCoverage="100" branchCoverage="100" crapScore="5" isConstructor="false" isStatic="true" isGetter="false" isSetter="false">
              <Summary numSequencePoints="19" visitedSequencePoints="19" numBranchPoints="9" visitedBranchPoints="9" sequenceCoverage="100" branchCoverage="100" maxCyclomaticComplexity="5" minCyclomaticComplexity="5" maxCrapScore="5" minCrapScore="5" visitedClasses="0" numClasses="0" visitedMethods="1" numMethods="1" />
              <MetadataToken>100663310</MetadataToken>
              <Name>T ProcessList.ProcessList`1::GetElementFromEndAt(SinglyLinkedList.SinglyLinkedList`1&lt;T&gt;,System.Int32)</Name>
              <FileRef uid="9" />
              <SequencePoints>
                <SequencePoint vc="3" uspid="97" ordinal="0" offset="0" sl="13" sc="5" el="13" ec="6" bec="0" bev="0" fileid="9">
                  <TrackedMethodRefs>
                    <TrackedMethodRef uid="4" vc="1" />
                    <TrackedMethodRef uid="6" vc="1" />
                    <TrackedMethodRef uid="5" vc="1" />
                  </TrackedMethodRefs>
                </SequencePoint>
                <SequencePoint vc="3" uspid="98" ordinal="1" offset="1" sl="14" sc="7" el="14" ec="40" bec="0" bev="0" fileid="9">
                  <TrackedMethodRefs>
                    <TrackedMethodRef uid="4" vc="1" />
                    <TrackedMethodRef uid="6" vc="1" />
                    <TrackedMethodRef uid="5" vc="1" />
                  </TrackedMethodRefs>
                </SequencePoint>
                <SequencePoint vc="3" uspid="99" ordinal="2" offset="8" sl="15" sc="7" el="15" ec="37" bec="0" bev="0" fileid="9">
                  <TrackedMethodRefs>
                    <TrackedMethodRef uid="4" vc="1" />
                    <TrackedMethodRef uid="6" vc="1" />
                    <TrackedMethodRef uid="5" vc="1" />
                  </TrackedMethodRefs>
                </SequencePoint>
                <SequencePoint vc="3" uspid="100" ordinal="3" offset="15" sl="16" sc="7" el="16" ec="21" bec="0" bev="0" fileid="9">
                  <TrackedMethodRefs>
                    <TrackedMethodRef uid="4" vc="1" />
                    <TrackedMethodRef uid="6" vc="1" />
                    <TrackedMethodRef uid="5" vc="1" />
                  </TrackedMethodRefs>
                </SequencePoint>
                <SequencePoint vc="3" uspid="101" ordinal="4" offset="17" sl="17" sc="7" el="17" ec="31" bec="2" bev="2" fileid="9">
                  <TrackedMethodRefs>
                    <TrackedMethodRef uid="4" vc="1" />
                    <TrackedMethodRef uid="6" vc="1" />
                    <TrackedMethodRef uid="5" vc="1" />
                  </TrackedMethodRefs>
                </SequencePoint>
                <SequencePoint vc="1" uspid="102" ordinal="5" offset="25" sl="17" sc="32" el="17" ec="85" bec="0" bev="0" fileid="9">
                  <TrackedMethodRefs>
                    <TrackedMethodRef uid="4" vc="1" />
                  </TrackedMethodRefs>
                </SequencePoint>
                <SequencePoint vc="33" uspid="103" ordinal="6" offset="38" sl="19" sc="7" el="19" ec="8" bec="0" bev="0" fileid="9">
                  <TrackedMethodRefs>
                    <TrackedMethodRef uid="6" vc="32" />
                    <TrackedMethodRef uid="5" vc="1" />
                  </TrackedMethodRefs>
                </SequencePoint>
                <SequencePoint vc="33" uspid="104" ordinal="7" offset="39" sl="20" sc="9" el="20" ec="40" bec="0" bev="0" fileid="9">
                  <TrackedMethodRefs>
                    <TrackedMethodRef uid="6" vc="32" />
                    <TrackedMethodRef uid="5" vc="1" />
                  </TrackedMethodRefs>
                </SequencePoint>
                <SequencePoint vc="33" uspid="105" ordinal="8" offset="46" sl="21" sc="9" el="21" ec="31" bec="2" bev="2" fileid="9">
                  <TrackedMethodRefs>
                    <TrackedMethodRef uid="6" vc="32" />
                    <TrackedMethodRef uid="5" vc="1" />
                  </TrackedMethodRefs>
                </SequencePoint>
                <SequencePoint vc="28" uspid="106" ordinal="9" offset="59" sl="22" sc="9" el="22" ec="10" bec="0" bev="0" fileid="9">
                  <TrackedMethodRefs>
                    <TrackedMethodRef uid="6" vc="28" />
                  </TrackedMethodRefs>
                </SequencePoint>
                <SequencePoint vc="28" uspid="107" ordinal="10" offset="60" sl="23" sc="11" el="23" ec="36" bec="0" bev="0" fileid="9">
                  <TrackedMethodRefs>
                    <TrackedMethodRef uid="6" vc="28" />
                  </TrackedMethodRefs>
                </SequencePoint>
                <SequencePoint vc="28" uspid="108" ordinal="11" offset="67" sl="24" sc="9" el="24" ec="10" bec="0" bev="0" fileid="9">
                  <TrackedMethodRefs>
                    <TrackedMethodRef uid="6" vc="28" />
                  </TrackedMethodRefs>
                </SequencePoint>
                <SequencePoint vc="33" uspid="109" ordinal="12" offset="68" sl="25" sc="9" el="25" ec="17" bec="0" bev="0" fileid="9">
                  <TrackedMethodRefs>
                    <TrackedMethodRef uid="6" vc="32" />
                    <TrackedMethodRef uid="5" vc="1" />
                  </TrackedMethodRefs>
                </SequencePoint>
                <SequencePoint vc="33" uspid="110" ordinal="13" offset="72" sl="26" sc="7" el="26" ec="8" bec="0" bev="0" fileid="9">
                  <TrackedMethodRefs>
                    <TrackedMethodRef uid="6" vc="32" />
                    <TrackedMethodRef uid="5" vc="1" />
                  </TrackedMethodRefs>
                </SequencePoint>
                <SequencePoint vc="35" uspid="111" ordinal="14" offset="73" sl="18" sc="7" el="18" ec="42" bec="2" bev="2" fileid="9">
                  <TrackedMethodRefs>
                    <TrackedMethodRef uid="6" vc="33" />
                    <TrackedMethodRef uid="5" vc="2" />
                  </TrackedMethodRefs>
                </SequencePoint>
                <SequencePoint vc="2" uspid="112" ordinal="15" offset="88" sl="27" sc="7" el="27" ec="28" bec="2" bev="2" fileid="9">
                  <TrackedMethodRefs>
                    <TrackedMethodRef uid="6" vc="1" />
                    <TrackedMethodRef uid="5" vc="1" />
                  </TrackedMethodRefs>
                </SequencePoint>
                <SequencePoint vc="1" uspid="113" ordinal="16" offset="98" sl="27" sc="29" el="27" ec="99" bec="0" bev="0" fileid="9">
                  <TrackedMethodRefs>
                    <TrackedMethodRef uid="5" vc="1" />
                  </TrackedMethodRefs>
                </SequencePoint>
                <SequencePoint vc="1" uspid="114" ordinal="17" offset="109" sl="28" sc="7" el="28" ec="29" bec="0" bev="0" fileid="9">
                  <TrackedMethodRefs>
                    <TrackedMethodRef uid="6" vc="1" />
                  </TrackedMethodRefs>
                </SequencePoint>
                <SequencePoint vc="1" uspid="115" ordinal="18" offset="119" sl="29" sc="5" el="29" ec="6" bec="0" bev="0" fileid="9">
                  <TrackedMethodRefs>
                    <TrackedMethodRef uid="6" vc="1" />
                  </TrackedMethodRefs>
                </SequencePoint>
              </SequencePoints>
              <BranchPoints>
                <BranchPoint vc="1" uspid="116" ordinal="0" offset="23" sl="17" path="0" offsetend="25" fileid="9">
                  <TrackedMethodRefs>
                    <TrackedMethodRef uid="4" vc="1" />
                  </TrackedMethodRefs>
                </BranchPoint>
                <BranchPoint vc="2" uspid="117" ordinal="1" offset="23" sl="17" path="1" offsetchain="36" offsetend="73" fileid="9">
                  <TrackedMethodRefs>
                    <TrackedMethodRef uid="6" vc="1" />
                    <TrackedMethodRef uid="5" vc="1" />
                  </TrackedMethodRefs>
                </BranchPoint>
                <BranchPoint vc="28" uspid="118" ordinal="2" offset="57" sl="21" path="0" offsetend="59" fileid="9">
                  <TrackedMethodRefs>
                    <TrackedMethodRef uid="6" vc="28" />
                  </TrackedMethodRefs>
                </BranchPoint>
                <BranchPoint vc="5" uspid="119" ordinal="3" offset="57" sl="21" path="1" offsetend="68" fileid="9">
                  <TrackedMethodRefs>
                    <TrackedMethodRef uid="6" vc="4" />
                    <TrackedMethodRef uid="5" vc="1" />
                  </TrackedMethodRefs>
                </BranchPoint>
                <BranchPoint vc="2" uspid="120" ordinal="4" offset="86" sl="18" path="0" offsetend="88" fileid="9">
                  <TrackedMethodRefs>
                    <TrackedMethodRef uid="6" vc="1" />
                    <TrackedMethodRef uid="5" vc="1" />
                  </TrackedMethodRefs>
                </BranchPoint>
                <BranchPoint vc="33" uspid="121" ordinal="5" offset="86" sl="18" path="1" offsetend="38" fileid="9">
                  <TrackedMethodRefs>
                    <TrackedMethodRef uid="6" vc="32" />
                    <TrackedMethodRef uid="5" vc="1" />
                  </TrackedMethodRefs>
                </BranchPoint>
                <BranchPoint vc="1" uspid="122" ordinal="6" offset="96" sl="27" path="0" offsetend="98" fileid="9">
                  <TrackedMethodRefs>
                    <TrackedMethodRef uid="5" vc="1" />
                  </TrackedMethodRefs>
                </BranchPoint>
                <BranchPoint vc="1" uspid="123" ordinal="7" offset="96" sl="27" path="1" offsetend="109" fileid="9">
                  <TrackedMethodRefs>
                    <TrackedMethodRef uid="6" vc="1" />
                  </TrackedMethodRefs>
                </BranchPoint>
              </BranchPoints>
              <MethodPoint xsi:type="SequencePoint" vc="3" uspid="97" ordinal="0" offset="0" sl="13" sc="5" el="13" ec="6" bec="0" bev="0" fileid="9">
                <TrackedMethodRefs>
                  <TrackedMethodRef uid="4" vc="1" />
                  <TrackedMethodRef uid="6" vc="1" />
                  <TrackedMethodRef uid="5" vc="1" />
                </TrackedMethodRefs>
              </MethodPoint>
            </Method>
            <Method visited="false" cyclomaticComplexity="1" nPathComplexity="0" sequenceCoverage="0" branchCoverage="0" crapScore="2" isConstructor="true" isStatic="false" isGetter="false" isSetter="false">
              <Summary numSequencePoints="0" visitedSequencePoints="0" numBranchPoints="0" visitedBranchPoints="0" sequenceCoverage="0" branchCoverage="0" maxCyclomaticComplexity="1" minCyclomaticComplexity="1" maxCrapScore="2" minCrapScore="2" visitedClasses="0" numClasses="0" visitedMethods="0" numMethods="0" />
              <MetadataToken>100663311</MetadataToken>
              <Name>System.Void ProcessList.ProcessList`1::.ctor()</Name>
              <SequencePoints />
              <BranchPoints />
              <MethodPoint vc="0" uspid="124" ordinal="0" offset="0" />
            </Method>
          </Methods>
        </Class>
      </Classes>
      <TrackedMethods />
    </Module>
  </Modules>
</CoverageSession>